Arguments: 
  C:\Program Files\nodejs\node.exe C:\Users\shree\AppData\Roaming\npm\node_modules\yarn\bin\yarn.js add nodemon socket.io

PATH: 
  C:\Program Files\Common Files\Oracle\Java\javapath;C:\WINDOWS\system32;C:\WINDOWS;C:\WINDOWS\System32\Wbem;C:\WINDOWS\System32\WindowsPowerShell\v1.0\;C:\WINDOWS\System32\OpenSSH\;C:\Program Files\nodejs\;C:\MinGW\bin;C:\Program Files\Git\cmd;C:\Users\shree\AppData\Local\Microsoft\WindowsApps;C:\Users\shree\AppData\Local\Programs\Microsoft VS Code\bin;C:\Users\shree\AppData\Local\GitHubDesktop\bin;C:\Users\shree\AppData\Roaming\npm;C:\ProgramData\Shreeram\GitHubDesktop\bin;C:\Program Files\Java\jdk-18.0.2.1\bin;C:\Program Files\MongoDB\Server\6.0\bin;C:\Program Files\MongoDB\Server\6.0\bin\;C:\Users\shree\Desktop\Softwares\openssl-0.9.8e_X64\bin;

Yarn version: 
  1.22.19

Node version: 
  16.13.1

Platform: 
  win32 x64

Trace: 
  Error: https://registry.yarnpkg.com/nodemon: tunneling socket could not be established, cause=connect ETIMEDOUT 172.31.102.29:3128
      at ClientRequest.onError (C:\Users\shree\AppData\Roaming\npm\node_modules\yarn\lib\cli.js:152376:17)
      at Object.onceWrapper (node:events:510:26)
      at ClientRequest.emit (node:events:390:28)
      at Socket.socketErrorListener (node:_http_client:447:9)
      at Socket.emit (node:events:390:28)
      at emitErrorNT (node:internal/streams/destroy:157:8)
      at emitErrorCloseNT (node:internal/streams/destroy:122:3)
      at processTicksAndRejections (node:internal/process/task_queues:83:21)

npm manifest: 
  {
    "name": "socket",
    "version": "1.0.0",
    "description": "",
    "main": "index.js",
    "scripts": {
      "start": "nodemon index.js"
    },
    "keywords": [],
    "author": "",
    "license": "ISC"
  }

yarn manifest: 
  No manifest

Lockfile: 
  No lockfile
